# JRE version: OpenJDK Runtime Environment (8.0_202-b03) (build 1.8.0_202-release-1483-b03)
# Java VM: OpenJDK 64-Bit Server VM (25.202-b03 mixed mode windows-amd64 compressed oops)
Heap:
 PSYoungGen      total 340992K, used 308648K [0x00000000e0000000, 0x00000000f7700000, 0x0000000100000000)
  eden space 305152K, 90% used [0x00000000e0000000,0x00000000f0f00c40,0x00000000f2a00000)
  from space 35840K, 86% used [0x00000000f5400000,0x00000000f72696b8,0x00000000f7700000)
  to   space 39424K, 0% used [0x00000000f2a00000,0x00000000f2a00000,0x00000000f5080000)
 ParOldGen       total 144384K, used 95724K [0x00000000a0000000, 0x00000000a8d00000, 0x00000000e0000000)
  object space 144384K, 66% used [0x00000000a0000000,0x00000000a5d7b268,0x00000000a8d00000)
 Metaspace       used 85672K, capacity 88698K, committed 88920K, reserved 1126400K
  class space    used 10991K, capacity 11610K, committed 11648K, reserved 1048576K
GC Heap History (10 events):
Event: 11.094 GC heap before
{Heap before GC invocations=13 (full 3):
 PSYoungGen      total 213504K, used 16368K [0x00000000e0000000, 0x00000000ee680000, 0x0000000100000000)
  eden space 197120K, 0% used [0x00000000e0000000,0x00000000e0000000,0x00000000ec080000)
  from space 16384K, 99% used [0x00000000ed480000,0x00000000ee47c020,0x00000000ee480000)
  to   space 19456K, 0% used [0x00000000ec080000,0x00000000ec080000,0x00000000ed380000)
 ParOldGen       total 100864K, used 24470K [0x00000000a0000000, 0x00000000a6280000, 0x00000000e0000000)
  object space 100864K, 24% used [0x00000000a0000000,0x00000000a17e5820,0x00000000a6280000)
 Metaspace       used 56980K, capacity 58950K, committed 59028K, reserved 1099776K
  class space    used 7794K, capacity 8242K, committed 8320K, reserved 1048576K
Event: 11.357 GC heap after
Heap after GC invocations=13 (full 3):
 PSYoungGen      total 213504K, used 0K [0x00000000e0000000, 0x00000000ee680000, 0x0000000100000000)
  eden space 197120K, 0% used [0x00000000e0000000,0x00000000e0000000,0x00000000ec080000)
  from space 16384K, 0% used [0x00000000ed480000,0x00000000ed480000,0x00000000ee480000)
  to   space 19456K, 0% used [0x00000000ec080000,0x00000000ec080000,0x00000000ed380000)
 ParOldGen       total 144384K, used 34517K [0x00000000a0000000, 0x00000000a8d00000, 0x00000000e0000000)
  object space 144384K, 23% used [0x00000000a0000000,0x00000000a21b56f8,0x00000000a8d00000)
 Metaspace       used 56774K, capacity 58370K, committed 59028K, reserved 1099776K
  class space    used 7730K, capacity 8130K, committed 8320K, reserved 1048576K
}
Event: 23.602 GC heap before
{Heap before GC invocations=14 (full 3):
 PSYoungGen      total 213504K, used 197120K [0x00000000e0000000, 0x00000000ee680000, 0x0000000100000000)
  eden space 197120K, 100% used [0x00000000e0000000,0x00000000ec080000,0x00000000ec080000)
  from space 16384K, 0% used [0x00000000ed480000,0x00000000ed480000,0x00000000ee480000)
  to   space 19456K, 0% used [0x00000000ec080000,0x00000000ec080000,0x00000000ed380000)
 ParOldGen       total 144384K, used 34517K [0x00000000a0000000, 0x00000000a8d00000, 0x00000000e0000000)
  object space 144384K, 23% used [0x00000000a0000000,0x00000000a21b56f8,0x00000000a8d00000)
 Metaspace       used 64040K, capacity 66080K, committed 66264K, reserved 1105920K
  class space    used 8427K, capacity 8911K, committed 8960K, reserved 1048576K
Event: 23.621 GC heap after
Heap after GC invocations=14 (full 3):
 PSYoungGen      total 216576K, used 16490K [0x00000000e0000000, 0x00000000f2280000, 0x0000000100000000)
  eden space 197120K, 0% used [0x00000000e0000000,0x00000000e0000000,0x00000000ec080000)
  from space 19456K, 84% used [0x00000000ec080000,0x00000000ed09a830,0x00000000ed380000)
  to   space 20992K, 0% used [0x00000000f0e00000,0x00000000f0e00000,0x00000000f2280000)
 ParOldGen       total 144384K, used 34525K [0x00000000a0000000, 0x00000000a8d00000, 0x00000000e0000000)
  object space 144384K, 23% used [0x00000000a0000000,0x00000000a21b76f8,0x00000000a8d00000)
 Metaspace       used 64040K, capacity 66080K, committed 66264K, reserved 1105920K
  class space    used 8427K, capacity 8911K, committed 8960K, reserved 1048576K
}
Event: 25.711 GC heap before
{Heap before GC invocations=15 (full 3):
 PSYoungGen      total 216576K, used 213610K [0x00000000e0000000, 0x00000000f2280000, 0x0000000100000000)
  eden space 197120K, 100% used [0x00000000e0000000,0x00000000ec080000,0x00000000ec080000)
  from space 19456K, 84% used [0x00000000ec080000,0x00000000ed09a830,0x00000000ed380000)
  to   space 20992K, 0% used [0x00000000f0e00000,0x00000000f0e00000,0x00000000f2280000)
 ParOldGen       total 144384K, used 34525K [0x00000000a0000000, 0x00000000a8d00000, 0x00000000e0000000)
  object space 144384K, 23% used [0x00000000a0000000,0x00000000a21b76f8,0x00000000a8d00000)
 Metaspace       used 67930K, capacity 70118K, committed 70232K, reserved 1110016K
  class space    used 8797K, capacity 9306K, committed 9344K, reserved 1048576K
Event: 25.745 GC heap after
Heap after GC invocations=15 (full 3):
 PSYoungGen      total 268288K, used 14731K [0x00000000e0000000, 0x00000000f1f00000, 0x0000000100000000)
  eden space 250880K, 0% used [0x00000000e0000000,0x00000000e0000000,0x00000000ef500000)
  from space 17408K, 84% used [0x00000000f0e00000,0x00000000f1c62fe0,0x00000000f1f00000)
  to   space 21504K, 0% used [0x00000000ef500000,0x00000000ef500000,0x00000000f0a00000)
 ParOldGen       total 144384K, used 46098K [0x00000000a0000000, 0x00000000a8d00000, 0x00000000e0000000)
  object space 144384K, 31% used [0x00000000a0000000,0x00000000a2d04b70,0x00000000a8d00000)
 Metaspace       used 67930K, capacity 70118K, committed 70232K, reserved 1110016K
  class space    used 8797K, capacity 9306K, committed 9344K, reserved 1048576K
}
Event: 32.048 GC heap before
{Heap before GC invocations=16 (full 3):
 PSYoungGen      total 268288K, used 265611K [0x00000000e0000000, 0x00000000f1f00000, 0x0000000100000000)
  eden space 250880K, 100% used [0x00000000e0000000,0x00000000ef500000,0x00000000ef500000)
  from space 17408K, 84% used [0x00000000f0e00000,0x00000000f1c62fe0,0x00000000f1f00000)
  to   space 21504K, 0% used [0x00000000ef500000,0x00000000ef500000,0x00000000f0a00000)
 ParOldGen       total 144384K, used 46098K [0x00000000a0000000, 0x00000000a8d00000, 0x00000000e0000000)
  object space 144384K, 31% used [0x00000000a0000000,0x00000000a2d04b70,0x00000000a8d00000)
 Metaspace       used 73663K, capacity 76044K, committed 76248K, reserved 1116160K
  class space    used 9619K, capacity 10165K, committed 10240K, reserved 1048576K
Event: 32.108 GC heap after
Heap after GC invocations=16 (full 3):
 PSYoungGen      total 272384K, used 21487K [0x00000000e0000000, 0x00000000f7700000, 0x0000000100000000)
  eden space 250880K, 0% used [0x00000000e0000000,0x00000000e0000000,0x00000000ef500000)
  from space 21504K, 99% used [0x00000000ef500000,0x00000000f09fbff0,0x00000000f0a00000)
  to   space 35840K, 0% used [0x00000000f5400000,0x00000000f5400000,0x00000000f7700000)
 ParOldGen       total 144384K, used 77734K [0x00000000a0000000, 0x00000000a8d00000, 0x00000000e0000000)
  object space 144384K, 53% used [0x00000000a0000000,0x00000000a4be9820,0x00000000a8d00000)
 Metaspace       used 73663K, capacity 76044K, committed 76248K, reserved 1116160K
  class space    used 9619K, capacity 10165K, committed 10240K, reserved 1048576K
}
Event: 38.813 GC heap before
{Heap before GC invocations=17 (full 3):
 PSYoungGen      total 272384K, used 272367K [0x00000000e0000000, 0x00000000f7700000, 0x0000000100000000)
  eden space 250880K, 100% used [0x00000000e0000000,0x00000000ef500000,0x00000000ef500000)
  from space 21504K, 99% used [0x00000000ef500000,0x00000000f09fbff0,0x00000000f0a00000)
  to   space 35840K, 0% used [0x00000000f5400000,0x00000000f5400000,0x00000000f7700000)
 ParOldGen       total 144384K, used 77734K [0x00000000a0000000, 0x00000000a8d00000, 0x00000000e0000000)
  object space 144384K, 53% used [0x00000000a0000000,0x00000000a4be9820,0x00000000a8d00000)
 Metaspace       used 80644K, capacity 83388K, committed 83544K, reserved 1122304K
  class space    used 10479K, capacity 11115K, committed 11136K, reserved 1048576K
Event: 38.861 GC heap after
Heap after GC invocations=17 (full 3):
 PSYoungGen      total 340992K, used 31141K [0x00000000e0000000, 0x00000000f7700000, 0x0000000100000000)
  eden space 305152K, 0% used [0x00000000e0000000,0x00000000e0000000,0x00000000f2a00000)
  from space 35840K, 86% used [0x00000000f5400000,0x00000000f72696b8,0x00000000f7700000)
  to   space 39424K, 0% used [0x00000000f2a00000,0x00000000f2a00000,0x00000000f5080000)
 ParOldGen       total 144384K, used 95724K [0x00000000a0000000, 0x00000000a8d00000, 0x00000000e0000000)
  object space 144384K, 66% used [0x00000000a0000000,0x00000000a5d7b268,0x00000000a8d00000)
 Metaspace       used 80644K, capacity 83388K, committed 83544K, reserved 1122304K
  class space    used 10479K, capacity 11115K, committed 11136K, reserved 1048576K
}

